<?xml version="1.0" encoding="UTF-8"?>
<testsuite xmlns:xsi="http://www.w3.org/2001/XMLSchema-instance" xsi:noNamespaceSchemaLocation="https://maven.apache.org/surefire/maven-surefire-plugin/xsd/surefire-test-report-3.0.xsd" version="3.0" name="com.alibaba.fastjson2.issues_1000.Issue1494" time="0.012" tests="1" errors="0" skipped="0" failures="1">
  <properties>
[...]
</properties>
  <testcase name="test" classname="com.alibaba.fastjson2.issues_1000.Issue1494" time="0.008">
    <failure message="expected: &lt;{&quot;qos&quot;:0,&quot;tag&quot;:&quot;TAG1.cpu&quot;,&quot;time&quot;:1684394501624,&quot;value&quot;:37400}&gt; but was: &lt;{&quot;tag&quot;:&quot;TAG1.cpu&quot;,&quot;time&quot;:1684394501624,&quot;value&quot;:37400,&quot;qos&quot;:0}&gt;" type="org.opentest4j.AssertionFailedError"><![CDATA[org.opentest4j.AssertionFailedError: expected: <{"qos":0,"tag":"TAG1.cpu","time":1684394501624,"value":37400}> but was: <{"tag":"TAG1.cpu","time":1684394501624,"value":37400,"qos":0}>
	at org.junit.jupiter.api.AssertionFailureBuilder.build(AssertionFailureBuilder.java:151)
	at org.junit.jupiter.api.AssertionFailureBuilder.buildAndThrow(AssertionFailureBuilder.java:132)
	at org.junit.jupiter.api.AssertEquals.failNotEqual(AssertEquals.java:197)
	at org.junit.jupiter.api.AssertEquals.assertEquals(AssertEquals.java:182)
	at org.junit.jupiter.api.AssertEquals.assertEquals(AssertEquals.java:177)
	at org.junit.jupiter.api.Assertions.assertEquals(Assertions.java:1145)
	at com.alibaba.fastjson2.issues_1000.Issue1494.test(Issue1494.java:27)
	at java.base/java.lang.reflect.Method.invoke(Method.java:566)
	at java.base/java.util.ArrayList.forEach(ArrayList.java:1541)
	at java.base/java.util.ArrayList.forEach(ArrayList.java:1541)
]]></failure>
  </testcase>
</testsuite>