<?xml version="1.0" encoding="UTF-8"?>
<testsuite xmlns:xsi="http://www.w3.org/2001/XMLSchema-instance" xsi:noNamespaceSchemaLocation="https://maven.apache.org/surefire/maven-surefire-plugin/xsd/surefire-test-report-3.0.xsd" version="3.0" name="com.google.gson.functional.FieldNamingTest" time="0.015" tests="6" errors="0" skipped="0" failures="6">
  <properties>
[...]
</properties>
  <testcase name="testUpperCamelCase" classname="com.google.gson.functional.FieldNamingTest" time="0.003">
    <failure message="value of: replace(...)&#10;expected: {&apos;LowerCamel&apos;:1,&apos;UpperCamel&apos;:2,&apos;_LowerCamelLeadingUnderscore&apos;:3,&apos;_UpperCamelLeadingUnderscore&apos;:4,&apos;Lower_words&apos;:5,&apos;UPPER_WORDS&apos;:6,&apos;annotatedName&apos;:7,&apos;LowerId&apos;:8,&apos;_9&apos;:9}&#10;but was : {&apos;_LowerCamelLeadingUnderscore&apos;:3,&apos;_9&apos;:9,&apos;LowerId&apos;:8,&apos;_UpperCamelLeadingUnderscore&apos;:4,&apos;annotatedName&apos;:7,&apos;Lower_words&apos;:5,&apos;LowerCamel&apos;:1,&apos;UpperCamel&apos;:2,&apos;UPPER_WORDS&apos;:6}" type="value of"><![CDATA[value of: replace(...)
expected: {'LowerCamel':1,'UpperCamel':2,'_LowerCamelLeadingUnderscore':3,'_UpperCamelLeadingUnderscore':4,'Lower_words':5,'UPPER_WORDS':6,'annotatedName':7,'LowerId':8,'_9':9}
but was : {'_LowerCamelLeadingUnderscore':3,'_9':9,'LowerId':8,'_UpperCamelLeadingUnderscore':4,'annotatedName':7,'Lower_words':5,'LowerCamel':1,'UpperCamel':2,'UPPER_WORDS':6}
	at com.google.gson.functional.FieldNamingTest.testUpperCamelCase(FieldNamingTest.java:47)
]]></failure>
  </testcase>
  <testcase name="testLowerCaseWithDashes" classname="com.google.gson.functional.FieldNamingTest" time="0.004">
    <failure message="value of: replace(...)&#10;expected: {&apos;lower-camel&apos;:1,&apos;upper-camel&apos;:2,&apos;_lower-camel-leading-underscore&apos;:3,&apos;_-upper-camel-leading-underscore&apos;:4,&apos;lower_words&apos;:5,&apos;u-p-p-e-r_-w-o-r-d-s&apos;:6,&apos;annotatedName&apos;:7,&apos;lower-id&apos;:8,&apos;_9&apos;:9}&#10;but was : {&apos;lower-id&apos;:8,&apos;lower_words&apos;:5,&apos;lower-camel&apos;:1,&apos;_-upper-camel-leading-underscore&apos;:4,&apos;annotatedName&apos;:7,&apos;u-p-p-e-r_-w-o-r-d-s&apos;:6,&apos;upper-camel&apos;:2,&apos;_lower-camel-leading-underscore&apos;:3,&apos;_9&apos;:9}" type="value of"><![CDATA[value of: replace(...)
expected: {'lower-camel':1,'upper-camel':2,'_lower-camel-leading-underscore':3,'_-upper-camel-leading-underscore':4,'lower_words':5,'u-p-p-e-r_-w-o-r-d-s':6,'annotatedName':7,'lower-id':8,'_9':9}
but was : {'lower-id':8,'lower_words':5,'lower-camel':1,'_-upper-camel-leading-underscore':4,'annotatedName':7,'u-p-p-e-r_-w-o-r-d-s':6,'upper-camel':2,'_lower-camel-leading-underscore':3,'_9':9}
	at com.google.gson.functional.FieldNamingTest.testLowerCaseWithDashes(FieldNamingTest.java:83)
]]></failure>
  </testcase>
  <testcase name="testLowerCaseWithUnderscores" classname="com.google.gson.functional.FieldNamingTest" time="0.002">
    <failure message="value of: replace(...)&#10;expected: {&apos;lower_camel&apos;:1,&apos;upper_camel&apos;:2,&apos;_lower_camel_leading_underscore&apos;:3,&apos;__upper_camel_leading_underscore&apos;:4,&apos;lower_words&apos;:5,&apos;u_p_p_e_r__w_o_r_d_s&apos;:6,&apos;annotatedName&apos;:7,&apos;lower_id&apos;:8,&apos;_9&apos;:9}&#10;but was : {&apos;__upper_camel_leading_underscore&apos;:4,&apos;upper_camel&apos;:2,&apos;_9&apos;:9,&apos;_lower_camel_leading_underscore&apos;:3,&apos;lower_camel&apos;:1,&apos;annotatedName&apos;:7,&apos;lower_words&apos;:5,&apos;lower_id&apos;:8,&apos;u_p_p_e_r__w_o_r_d_s&apos;:6}" type="value of"><![CDATA[value of: replace(...)
expected: {'lower_camel':1,'upper_camel':2,'_lower_camel_leading_underscore':3,'__upper_camel_leading_underscore':4,'lower_words':5,'u_p_p_e_r__w_o_r_d_s':6,'annotatedName':7,'lower_id':8,'_9':9}
but was : {'__upper_camel_leading_underscore':4,'upper_camel':2,'_9':9,'_lower_camel_leading_underscore':3,'lower_camel':1,'annotatedName':7,'lower_words':5,'lower_id':8,'u_p_p_e_r__w_o_r_d_s':6}
	at com.google.gson.functional.FieldNamingTest.testLowerCaseWithUnderscores(FieldNamingTest.java:74)
]]></failure>
  </testcase>
  <testcase name="testUpperCamelCaseWithSpaces" classname="com.google.gson.functional.FieldNamingTest" time="0.002">
    <failure message="value of: replace(...)&#10;expected: {&apos;Lower Camel&apos;:1,&apos;Upper Camel&apos;:2,&apos;_Lower Camel Leading Underscore&apos;:3,&apos;_ Upper Camel Leading Underscore&apos;:4,&apos;Lower_words&apos;:5,&apos;U P P E R_ W O R D S&apos;:6,&apos;annotatedName&apos;:7,&apos;Lower Id&apos;:8,&apos;_9&apos;:9}&#10;but was : {&apos;Upper Camel&apos;:2,&apos;Lower Camel&apos;:1,&apos;_9&apos;:9,&apos;annotatedName&apos;:7,&apos;Lower Id&apos;:8,&apos;_Lower Camel Leading Underscore&apos;:3,&apos;U P P E R_ W O R D S&apos;:6,&apos;_ Upper Camel Leading Underscore&apos;:4,&apos;Lower_words&apos;:5}" type="value of"><![CDATA[value of: replace(...)
expected: {'Lower Camel':1,'Upper Camel':2,'_Lower Camel Leading Underscore':3,'_ Upper Camel Leading Underscore':4,'Lower_words':5,'U P P E R_ W O R D S':6,'annotatedName':7,'Lower Id':8,'_9':9}
but was : {'Upper Camel':2,'Lower Camel':1,'_9':9,'annotatedName':7,'Lower Id':8,'_Lower Camel Leading Underscore':3,'U P P E R_ W O R D S':6,'_ Upper Camel Leading Underscore':4,'Lower_words':5}
	at com.google.gson.functional.FieldNamingTest.testUpperCamelCaseWithSpaces(FieldNamingTest.java:56)
]]></failure>
  </testcase>
  <testcase name="testIdentity" classname="com.google.gson.functional.FieldNamingTest" time="0.001">
    <failure message="value of: replace(...)&#10;expected: {&apos;lowerCamel&apos;:1,&apos;UpperCamel&apos;:2,&apos;_lowerCamelLeadingUnderscore&apos;:3,&apos;_UpperCamelLeadingUnderscore&apos;:4,&apos;lower_words&apos;:5,&apos;UPPER_WORDS&apos;:6,&apos;annotatedName&apos;:7,&apos;lowerId&apos;:8,&apos;_9&apos;:9}&#10;but was : {&apos;annotatedName&apos;:7,&apos;_lowerCamelLeadingUnderscore&apos;:3,&apos;UPPER_WORDS&apos;:6,&apos;_UpperCamelLeadingUnderscore&apos;:4,&apos;lower_words&apos;:5,&apos;lowerId&apos;:8,&apos;UpperCamel&apos;:2,&apos;lowerCamel&apos;:1,&apos;_9&apos;:9}" type="value of"><![CDATA[value of: replace(...)
expected: {'lowerCamel':1,'UpperCamel':2,'_lowerCamelLeadingUnderscore':3,'_UpperCamelLeadingUnderscore':4,'lower_words':5,'UPPER_WORDS':6,'annotatedName':7,'lowerId':8,'_9':9}
but was : {'annotatedName':7,'_lowerCamelLeadingUnderscore':3,'UPPER_WORDS':6,'_UpperCamelLeadingUnderscore':4,'lower_words':5,'lowerId':8,'UpperCamel':2,'lowerCamel':1,'_9':9}
	at com.google.gson.functional.FieldNamingTest.testIdentity(FieldNamingTest.java:38)
]]></failure>
  </testcase>
  <testcase name="testUpperCaseWithUnderscores" classname="com.google.gson.functional.FieldNamingTest" time="0.002">
    <failure message="value of: replace(...)&#10;expected: {&apos;LOWER_CAMEL&apos;:1,&apos;UPPER_CAMEL&apos;:2,&apos;_LOWER_CAMEL_LEADING_UNDERSCORE&apos;:3,&apos;__UPPER_CAMEL_LEADING_UNDERSCORE&apos;:4,&apos;LOWER_WORDS&apos;:5,&apos;U_P_P_E_R__W_O_R_D_S&apos;:6,&apos;annotatedName&apos;:7,&apos;LOWER_ID&apos;:8,&apos;_9&apos;:9}&#10;but was : {&apos;LOWER_CAMEL&apos;:1,&apos;_9&apos;:9,&apos;U_P_P_E_R__W_O_R_D_S&apos;:6,&apos;__UPPER_CAMEL_LEADING_UNDERSCORE&apos;:4,&apos;LOWER_ID&apos;:8,&apos;annotatedName&apos;:7,&apos;UPPER_CAMEL&apos;:2,&apos;_LOWER_CAMEL_LEADING_UNDERSCORE&apos;:3,&apos;LOWER_WORDS&apos;:5}" type="value of"><![CDATA[value of: replace(...)
expected: {'LOWER_CAMEL':1,'UPPER_CAMEL':2,'_LOWER_CAMEL_LEADING_UNDERSCORE':3,'__UPPER_CAMEL_LEADING_UNDERSCORE':4,'LOWER_WORDS':5,'U_P_P_E_R__W_O_R_D_S':6,'annotatedName':7,'LOWER_ID':8,'_9':9}
but was : {'LOWER_CAMEL':1,'_9':9,'U_P_P_E_R__W_O_R_D_S':6,'__UPPER_CAMEL_LEADING_UNDERSCORE':4,'LOWER_ID':8,'annotatedName':7,'UPPER_CAMEL':2,'_LOWER_CAMEL_LEADING_UNDERSCORE':3,'LOWER_WORDS':5}
	at com.google.gson.functional.FieldNamingTest.testUpperCaseWithUnderscores(FieldNamingTest.java:65)
]]></failure>
  </testcase>
</testsuite>