<?xml version="1.0" encoding="UTF-8"?>
<testsuite xmlns:xsi="http://www.w3.org/2001/XMLSchema-instance" xsi:noNamespaceSchemaLocation="https://maven.apache.org/surefire/maven-surefire-plugin/xsd/surefire-test-report-3.0.xsd" version="3.0" name="com.google.gson.functional.MapTest" time="0.084" tests="48" errors="0" skipped="0" failures="2">
  <properties>
[...]
</properties>
  <testcase name="testMapDeserializationEmpty" classname="com.google.gson.functional.MapTest" time="0.0"/>
  <testcase name="testCustomSerializerForSpecificMapType" classname="com.google.gson.functional.MapTest" time="0.0"/>
  <testcase name="testMapSubclassDeserialization" classname="com.google.gson.functional.MapTest" time="0.0"/>
  <testcase name="testHashMapDeserialization" classname="com.google.gson.functional.MapTest" time="0.002"/>
  <testcase name="testMapDeserializationWithNullKey" classname="com.google.gson.functional.MapTest" time="0.001"/>
  <testcase name="testMapSubclassSerialization" classname="com.google.gson.functional.MapTest" time="0.001"/>
  <testcase name="testSerializeMaps" classname="com.google.gson.functional.MapTest" time="0.004"/>
  <testcase name="testMapDeserializationWithWildcardValues" classname="com.google.gson.functional.MapTest" time="0.002"/>
  <testcase name="testReadMapsWithEmptyStringKey" classname="com.google.gson.functional.MapTest" time="0.001"/>
  <testcase name="testMapSerializationWithIntegerKeys" classname="com.google.gson.functional.MapTest" time="0.001"/>
  <testcase name="testMapDeserializationWithDuplicateKeys" classname="com.google.gson.functional.MapTest" time="0.001"/>
  <testcase name="testParameterizedMapSubclassSerialization" classname="com.google.gson.functional.MapTest" time="0.003"/>
  <testcase name="testConcurrentMap" classname="com.google.gson.functional.MapTest" time="0.001"/>
  <testcase name="testMapDeserialization" classname="com.google.gson.functional.MapTest" time="0.001"/>
  <testcase name="testMapDeserializationWithUnquotedLongKeys" classname="com.google.gson.functional.MapTest" time="0.001"/>
  <testcase name="testMapSerializationWithNullValuesSerialized" classname="com.google.gson.functional.MapTest" time="0.001"/>
  <testcase name="testConcurrentHashMap" classname="com.google.gson.functional.MapTest" time="0.001"/>
  <testcase name="testMapStandardSubclassDeserialization" classname="com.google.gson.functional.MapTest" time="0.001"/>
  <testcase name="testObjectMapSerialization" classname="com.google.gson.functional.MapTest" time="0.001"/>
  <testcase name="testMapDeserializationWithLongKeys" classname="com.google.gson.functional.MapTest" time="0.002"/>
  <testcase name="testBooleanKeyDeserialization" classname="com.google.gson.functional.MapTest" time="0.001"/>
  <testcase name="testDeerializeMapOfMaps" classname="com.google.gson.functional.MapTest" time="0.001"/>
  <testcase name="testMapDeserializationWithIntegerKeys" classname="com.google.gson.functional.MapTest" time="0.001"/>
  <testcase name="testMapWithQuotes" classname="com.google.gson.functional.MapTest" time="0.0"/>
  <testcase name="testConcurrentNavigableMap" classname="com.google.gson.functional.MapTest" time="0.006"/>
  <testcase name="testMapOfMapSerialization" classname="com.google.gson.functional.MapTest" time="0.001"/>
  <testcase name="testMapSerialization" classname="com.google.gson.functional.MapTest" time="0.001"/>
  <testcase name="testMapOfMapDeserialization" classname="com.google.gson.functional.MapTest" time="0.001"/>
  <testcase name="testComplexKeysDeserialization" classname="com.google.gson.functional.MapTest" time="0.002"/>
  <testcase name="testMapSerializationWithNullValue" classname="com.google.gson.functional.MapTest" time="0.001"/>
  <testcase name="testWriteMapsWithEmptyStringKey" classname="com.google.gson.functional.MapTest" time="0.001"/>
  <testcase name="testSortedMap" classname="com.google.gson.functional.MapTest" time="0.002"/>
  <testcase name="testInterfaceTypeMap" classname="com.google.gson.functional.MapTest" time="0.007">
    <failure message="value of: toJson(...)&#10;expected: {&quot;bases&quot;:{&quot;Test&quot;:{&quot;subName&quot;:&quot;Sub&quot;,&quot;baseName&quot;:&quot;Base&quot;}},&quot;subs&quot;:{&quot;Test&quot;:{&quot;subName&quot;:&quot;Sub&quot;,&quot;baseName&quot;:&quot;Base&quot;}}}&#10;but was : {&quot;subs&quot;:{&quot;Test&quot;:{&quot;subName&quot;:&quot;Sub&quot;,&quot;baseName&quot;:&quot;Base&quot;}},&quot;bases&quot;:{&quot;Test&quot;:{&quot;subName&quot;:&quot;Sub&quot;,&quot;baseName&quot;:&quot;Base&quot;}}}" type="value of"><![CDATA[value of: toJson(...)
expected: {"bases":{"Test":{"subName":"Sub","baseName":"Base"}},"subs":{"Test":{"subName":"Sub","baseName":"Base"}}}
but was : {"subs":{"Test":{"subName":"Sub","baseName":"Base"}},"bases":{"Test":{"subName":"Sub","baseName":"Base"}}}
	at com.google.gson.functional.MapTest.testInterfaceTypeMap(MapTest.java:510)
]]></failure>
  </testcase>
  <testcase name="testMapSerializationWithWildcardValues" classname="com.google.gson.functional.MapTest" time="0.001"/>
  <testcase name="testMapSerializationWithNullValues" classname="com.google.gson.functional.MapTest" time="0.001"/>
  <testcase name="testConcurrentSkipListMap" classname="com.google.gson.functional.MapTest" time="0.0"/>
  <testcase name="testGeneralMapField" classname="com.google.gson.functional.MapTest" time="0.001"/>
  <testcase name="testMapSerializationWithNullValueButSerializeNulls" classname="com.google.gson.functional.MapTest" time="0.001"/>
  <testcase name="testMapDeserializationWithNullValue" classname="com.google.gson.functional.MapTest" time="0.0"/>
  <testcase name="testComplexKeysSerialization" classname="com.google.gson.functional.MapTest" time="0.017"/>
  <testcase name="testMapSerializationEmpty" classname="com.google.gson.functional.MapTest" time="0.001"/>
  <testcase name="testStringKeyDeserialization" classname="com.google.gson.functional.MapTest" time="0.001"/>
  <testcase name="testSerializeMapOfMaps" classname="com.google.gson.functional.MapTest" time="0.001"/>
  <testcase name="testMapDeserializationWithUnquotedIntegerKeys" classname="com.google.gson.functional.MapTest" time="0.001"/>
  <testcase name="testMapNamePromotionWithJsonElementReader" classname="com.google.gson.functional.MapTest" time="0.001"/>
  <testcase name="testNumberKeyDeserialization" classname="com.google.gson.functional.MapTest" time="0.001"/>
  <testcase name="testMapSerializationWithNullKey" classname="com.google.gson.functional.MapTest" time="0.0"/>
  <testcase name="testInterfaceTypeMapWithSerializer" classname="com.google.gson.functional.MapTest" time="0.004">
    <failure message="value of: toJson(...)&#10;expected: {&quot;bases&quot;:{&quot;Test&quot;:{&quot;baseName&quot;:&quot;Base&quot;}},&quot;subs&quot;:{&quot;Test&quot;:{&quot;subName&quot;:&quot;Sub&quot;,&quot;baseName&quot;:&quot;Base&quot;}}}&#10;but was : {&quot;subs&quot;:{&quot;Test&quot;:{&quot;subName&quot;:&quot;Sub&quot;,&quot;baseName&quot;:&quot;Base&quot;}},&quot;bases&quot;:{&quot;Test&quot;:{&quot;baseName&quot;:&quot;Base&quot;}}}" type="value of"><![CDATA[value of: toJson(...)
expected: {"bases":{"Test":{"baseName":"Base"}},"subs":{"Test":{"subName":"Sub","baseName":"Base"}}}
but was : {"subs":{"Test":{"subName":"Sub","baseName":"Base"}},"bases":{"Test":{"baseName":"Base"}}}
	at com.google.gson.functional.MapTest.testInterfaceTypeMapWithSerializer(MapTest.java:543)
]]></failure>
  </testcase>
</testsuite>